<?xml version="1.0" encoding="UTF-8"?>
<!-- Generated by org.testng.reporters.JUnitXMLReporter -->
<testsuite ignored="0" hostname="DTC3016" failures="2" tests="3" name="login" time="17.714" errors="0" timestamp="2023-06-04T22:33:16 IST">
  <testcase classname="testcases.login" name="login_t" time="0.029">
    <failure type="java.lang.NullPointerException" message="Cannot invoke &amp;quot;org.openqa.selenium.WebDriver.findElement(org.openqa.selenium.By)&amp;quot; because &amp;quot;driver&amp;quot; is null">
      <![CDATA[java.lang.NullPointerException: Cannot invoke "org.openqa.selenium.WebDriver.findElement(org.openqa.selenium.By)" because "driver" is null
at base_objects.login_objects.Email(login_objects.java:75)
at testcases.login.login_t(login.java:58)
at java.base/java.util.ArrayList.forEach(ArrayList.java:1511)
... Removed 27 stack frames]]>
    </failure>
  </testcase> <!-- login_t -->
  <testcase classname="testcases.login" name="navigation" time="17.59"/>
  <testcase classname="testcases.dashboard" name="search" time="0.0">
    <failure type="org.testng.TestNGException" message="
Cannot inject @Test annotated Method [search] with [class testcases.login].
For more information on native dependency injection please refer to https://testng.org/doc/documentation-main.html#native-dependency-injection">
      <![CDATA[org.testng.TestNGException: 
Cannot inject @Test annotated Method [search] with [class testcases.login].
For more information on native dependency injection please refer to https://testng.org/doc/documentation-main.html#native-dependency-injection
at java.base/java.util.ArrayList.forEach(ArrayList.java:1511)
... Removed 26 stack frames]]>
    </failure>
  </testcase> <!-- search -->
</testsuite> <!-- login -->
